2019-03-25 11:11:01:413 [TRACE_INFO]:  Func:aliasr_get_config, Line:109, AppKey = jaKnIyQ2f69ZXxqI
2019-03-25 11:11:01:417 [TRACE_INFO]:  Func:aliasr_get_config, Line:110, AccessKeyID = LTAIu7a3tu8FVWLh
2019-03-25 11:11:01:417 [TRACE_INFO]:  Func:aliasr_get_config, Line:111, AccessKeySecret = yS4n8Tt2mRNdPHk4N4FsK3uL0Qq0hT
2019-03-25 11:11:01:418 [TRACE_DEBUG]:  Func:ALIASR, Line:74, enter ALIASR::ALIASR()
2019-03-25 11:11:01:418 [TRACE_DEBUG]:  Func:aliasr_generate_Token, Line:138, enter ALIASR::aliasr_generate_Token()
2019-03-25 11:11:01:540 [TRACE_DEBUG]:  Func:ali_asr_thread, Line:345, enter ali_asr_thread
2019-03-25 11:11:01:717 [TRACE_DEBUG]:  Func:recv_translate_start, Line:203, enter recv_translate_start
2019-03-25 11:11:01:718 [TRACE_INFO]:  Func:recv_translate_start, Line:205, TaskId = c00c5cb74b6541629c88b648cb323bfa
2019-03-25 11:11:06:930 [TRACE_INFO]:  Func:testesl, Line:93, Connect Success, 0
2019-03-25 11:11:25:380 [TRACE_INFO]:  Func:aliasr_get_config, Line:109, AppKey = jaKnIyQ2f69ZXxqI
2019-03-25 11:11:25:382 [TRACE_INFO]:  Func:aliasr_get_config, Line:110, AccessKeyID = LTAIu7a3tu8FVWLh
2019-03-25 11:11:25:383 [TRACE_INFO]:  Func:aliasr_get_config, Line:111, AccessKeySecret = yS4n8Tt2mRNdPHk4N4FsK3uL0Qq0hT
2019-03-25 11:11:25:390 [TRACE_INFO]:  Func:testesl, Line:93, Connect Success, 0
2019-03-25 11:11:55:593 [TRACE_INFO]:  Func:aliasr_get_config, Line:109, AppKey = jaKnIyQ2f69ZXxqI
2019-03-25 11:11:55:596 [TRACE_INFO]:  Func:aliasr_get_config, Line:110, AccessKeyID = LTAIu7a3tu8FVWLh
2019-03-25 11:11:55:596 [TRACE_INFO]:  Func:aliasr_get_config, Line:111, AccessKeySecret = yS4n8Tt2mRNdPHk4N4FsK3uL0Qq0hT
2019-03-25 11:11:55:604 [TRACE_INFO]:  Func:testesl, Line:93, Connect Success, 0
2019-03-25 11:12:21:048 [TRACE_INFO]:  Func:aliasr_get_config, Line:109, AppKey = jaKnIyQ2f69ZXxqI
2019-03-25 11:12:21:052 [TRACE_INFO]:  Func:aliasr_get_config, Line:110, AccessKeyID = LTAIu7a3tu8FVWLh
2019-03-25 11:12:21:054 [TRACE_INFO]:  Func:aliasr_get_config, Line:111, AccessKeySecret = yS4n8Tt2mRNdPHk4N4FsK3uL0Qq0hT
2019-03-25 11:12:21:061 [TRACE_INFO]:  Func:testesl, Line:93, Connect Success, 0
2019-03-25 11:13:37:647 [TRACE_INFO]:  Func:aliasr_get_config, Line:109, AppKey = jaKnIyQ2f69ZXxqI
2019-03-25 11:13:37:652 [TRACE_INFO]:  Func:aliasr_get_config, Line:110, AccessKeyID = LTAIu7a3tu8FVWLh
2019-03-25 11:13:37:654 [TRACE_INFO]:  Func:aliasr_get_config, Line:111, AccessKeySecret = yS4n8Tt2mRNdPHk4N4FsK3uL0Qq0hT
2019-03-25 11:13:37:664 [TRACE_INFO]:  Func:testesl, Line:93, Connect Success, 0
2019-03-25 11:20:46:320 [TRACE_INFO]:  Func:aliasr_get_config, Line:109, AppKey = jaKnIyQ2f69ZXxqI
2019-03-25 11:20:46:323 [TRACE_INFO]:  Func:aliasr_get_config, Line:110, AccessKeyID = LTAIu7a3tu8FVWLh
2019-03-25 11:20:46:323 [TRACE_INFO]:  Func:aliasr_get_config, Line:111, AccessKeySecret = yS4n8Tt2mRNdPHk4N4FsK3uL0Qq0hT
2019-03-25 11:20:46:332 [TRACE_INFO]:  Func:testesl, Line:93, Connect Success, 0
2019-03-25 11:35:36:743 [TRACE_INFO]:  Func:aliasr_get_config, Line:109, AppKey = jaKnIyQ2f69ZXxqI
2019-03-25 11:35:36:748 [TRACE_INFO]:  Func:aliasr_get_config, Line:110, AccessKeyID = LTAIu7a3tu8FVWLh
2019-03-25 11:35:36:749 [TRACE_INFO]:  Func:aliasr_get_config, Line:111, AccessKeySecret = yS4n8Tt2mRNdPHk4N4FsK3uL0Qq0hT
2019-03-25 11:35:36:750 [TRACE_ERROR]:  Func:push_message, Line:19, queue == null!
2019-03-25 11:35:36:750 [TRACE_ERROR]:  Func:push_message, Line:19, queue == null!
2019-03-25 11:35:36:752 [TRACE_ERROR]:  Func:pop_message, Line:57, queue == null!
2019-03-25 11:35:36:753 [TRACE_ERROR]:  Func:pop_message, Line:57, queue == null!
2019-03-25 11:35:36:764 [TRACE_INFO]:  Func:testesl, Line:93, Connect Success, 0
2019-03-25 11:36:08:917 [TRACE_INFO]:  Func:aliasr_get_config, Line:109, AppKey = jaKnIyQ2f69ZXxqI
2019-03-25 11:36:08:920 [TRACE_INFO]:  Func:aliasr_get_config, Line:110, AccessKeyID = LTAIu7a3tu8FVWLh
2019-03-25 11:36:08:920 [TRACE_INFO]:  Func:aliasr_get_config, Line:111, AccessKeySecret = yS4n8Tt2mRNdPHk4N4FsK3uL0Qq0hT
2019-03-25 11:36:08:928 [TRACE_INFO]:  Func:testesl, Line:93, Connect Success, 0
2019-03-25 11:37:09:295 [TRACE_INFO]:  Func:aliasr_get_config, Line:109, AppKey = jaKnIyQ2f69ZXxqI
2019-03-25 11:37:09:298 [TRACE_INFO]:  Func:aliasr_get_config, Line:110, AccessKeyID = LTAIu7a3tu8FVWLh
2019-03-25 11:37:09:299 [TRACE_INFO]:  Func:aliasr_get_config, Line:111, AccessKeySecret = yS4n8Tt2mRNdPHk4N4FsK3uL0Qq0hT
2019-03-25 11:37:09:306 [TRACE_INFO]:  Func:testesl, Line:93, Connect Success, 0
2019-03-25 11:40:58:412 [TRACE_INFO]:  Func:aliasr_get_config, Line:109, AppKey = jaKnIyQ2f69ZXxqI
2019-03-25 11:40:58:415 [TRACE_INFO]:  Func:aliasr_get_config, Line:110, AccessKeyID = LTAIu7a3tu8FVWLh
2019-03-25 11:40:58:416 [TRACE_INFO]:  Func:aliasr_get_config, Line:111, AccessKeySecret = yS4n8Tt2mRNdPHk4N4FsK3uL0Qq0hT
2019-03-25 11:40:58:421 [TRACE_INFO]:  Func:testesl, Line:93, Connect Success, 0
2019-03-25 11:43:54:330 [TRACE_INFO]:  Func:aliasr_get_config, Line:109, AppKey = jaKnIyQ2f69ZXxqI
2019-03-25 11:43:54:333 [TRACE_INFO]:  Func:aliasr_get_config, Line:110, AccessKeyID = LTAIu7a3tu8FVWLh
2019-03-25 11:43:54:334 [TRACE_INFO]:  Func:aliasr_get_config, Line:111, AccessKeySecret = yS4n8Tt2mRNdPHk4N4FsK3uL0Qq0hT
2019-03-25 11:43:54:340 [TRACE_INFO]:  Func:testesl, Line:93, Connect Success, 0
2019-03-25 11:45:11:396 [TRACE_INFO]:  Func:aliasr_get_config, Line:109, AppKey = jaKnIyQ2f69ZXxqI
2019-03-25 11:45:11:399 [TRACE_INFO]:  Func:aliasr_get_config, Line:110, AccessKeyID = LTAIu7a3tu8FVWLh
2019-03-25 11:45:11:400 [TRACE_INFO]:  Func:aliasr_get_config, Line:111, AccessKeySecret = yS4n8Tt2mRNdPHk4N4FsK3uL0Qq0hT
2019-03-25 11:45:11:408 [TRACE_INFO]:  Func:testesl, Line:93, Connect Success, 0
2019-03-25 11:46:01:031 [TRACE_INFO]:  Func:aliasr_get_config, Line:109, AppKey = jaKnIyQ2f69ZXxqI
2019-03-25 11:46:01:036 [TRACE_INFO]:  Func:aliasr_get_config, Line:110, AccessKeyID = LTAIu7a3tu8FVWLh
2019-03-25 11:46:01:037 [TRACE_INFO]:  Func:aliasr_get_config, Line:111, AccessKeySecret = yS4n8Tt2mRNdPHk4N4FsK3uL0Qq0hT
2019-03-25 11:46:01:046 [TRACE_INFO]:  Func:testesl, Line:93, Connect Success, 0
2019-03-25 11:47:36:146 [TRACE_INFO]:  Func:aliasr_get_config, Line:109, AppKey = jaKnIyQ2f69ZXxqI
2019-03-25 11:47:36:148 [TRACE_INFO]:  Func:aliasr_get_config, Line:110, AccessKeyID = LTAIu7a3tu8FVWLh
2019-03-25 11:47:36:149 [TRACE_INFO]:  Func:aliasr_get_config, Line:111, AccessKeySecret = yS4n8Tt2mRNdPHk4N4FsK3uL0Qq0hT
2019-03-25 11:47:36:154 [TRACE_INFO]:  Func:testesl, Line:93, Connect Success, 0
2019-03-25 11:48:06:500 [TRACE_INFO]:  Func:aliasr_get_config, Line:109, AppKey = jaKnIyQ2f69ZXxqI
2019-03-25 11:48:06:504 [TRACE_INFO]:  Func:aliasr_get_config, Line:110, AccessKeyID = LTAIu7a3tu8FVWLh
2019-03-25 11:48:06:505 [TRACE_INFO]:  Func:aliasr_get_config, Line:111, AccessKeySecret = yS4n8Tt2mRNdPHk4N4FsK3uL0Qq0hT
2019-03-25 11:48:06:512 [TRACE_INFO]:  Func:testesl, Line:93, Connect Success, 0
2019-03-25 11:48:28:366 [TRACE_INFO]:  Func:aliasr_get_config, Line:109, AppKey = jaKnIyQ2f69ZXxqI
2019-03-25 11:48:28:368 [TRACE_INFO]:  Func:aliasr_get_config, Line:110, AccessKeyID = LTAIu7a3tu8FVWLh
2019-03-25 11:48:28:369 [TRACE_INFO]:  Func:aliasr_get_config, Line:111, AccessKeySecret = yS4n8Tt2mRNdPHk4N4FsK3uL0Qq0hT
2019-03-25 11:48:28:379 [TRACE_INFO]:  Func:testesl, Line:93, Connect Success, 0
2019-03-25 11:50:17:725 [TRACE_INFO]:  Func:aliasr_get_config, Line:109, AppKey = jaKnIyQ2f69ZXxqI
2019-03-25 11:50:17:728 [TRACE_INFO]:  Func:aliasr_get_config, Line:110, AccessKeyID = LTAIu7a3tu8FVWLh
2019-03-25 11:50:17:728 [TRACE_INFO]:  Func:aliasr_get_config, Line:111, AccessKeySecret = yS4n8Tt2mRNdPHk4N4FsK3uL0Qq0hT
2019-03-25 11:50:17:741 [TRACE_INFO]:  Func:testesl, Line:93, Connect Success, 0
2019-03-25 11:50:58:714 [TRACE_INFO]:  Func:aliasr_get_config, Line:109, AppKey = jaKnIyQ2f69ZXxqI
2019-03-25 11:50:58:720 [TRACE_INFO]:  Func:aliasr_get_config, Line:110, AccessKeyID = LTAIu7a3tu8FVWLh
2019-03-25 11:50:58:722 [TRACE_INFO]:  Func:aliasr_get_config, Line:111, AccessKeySecret = yS4n8Tt2mRNdPHk4N4FsK3uL0Qq0hT
2019-03-25 11:50:58:728 [TRACE_INFO]:  Func:testesl, Line:93, Connect Success, 0
2019-03-25 11:51:02:276 [TRACE_INFO]:  Func:aliasr_get_config, Line:109, AppKey = jaKnIyQ2f69ZXxqI
2019-03-25 11:51:02:427 [TRACE_INFO]:  Func:aliasr_get_config, Line:110, AccessKeyID = LTAIu7a3tu8FVWLh
2019-03-25 11:51:02:427 [TRACE_INFO]:  Func:aliasr_get_config, Line:111, AccessKeySecret = yS4n8Tt2mRNdPHk4N4FsK3uL0Qq0hT
2019-03-25 11:51:02:433 [TRACE_INFO]:  Func:testesl, Line:93, Connect Success, 0
2019-03-25 11:52:40:350 [TRACE_INFO]:  Func:aliasr_get_config, Line:109, AppKey = jaKnIyQ2f69ZXxqI
2019-03-25 11:52:40:353 [TRACE_INFO]:  Func:aliasr_get_config, Line:110, AccessKeyID = LTAIu7a3tu8FVWLh
2019-03-25 11:52:40:353 [TRACE_INFO]:  Func:aliasr_get_config, Line:111, AccessKeySecret = yS4n8Tt2mRNdPHk4N4FsK3uL0Qq0hT
2019-03-25 11:52:40:363 [TRACE_INFO]:  Func:testesl, Line:93, Connect Success, 0
2019-03-25 11:52:56:347 [TRACE_INFO]:  Func:aliasr_get_config, Line:109, AppKey = jaKnIyQ2f69ZXxqI
2019-03-25 11:52:56:349 [TRACE_INFO]:  Func:aliasr_get_config, Line:110, AccessKeyID = LTAIu7a3tu8FVWLh
2019-03-25 11:52:56:350 [TRACE_INFO]:  Func:aliasr_get_config, Line:111, AccessKeySecret = yS4n8Tt2mRNdPHk4N4FsK3uL0Qq0hT
2019-03-25 11:52:56:359 [TRACE_INFO]:  Func:testesl, Line:93, Connect Success, 0
