2019-03-22 14:11:13:012 [TRACE_INFO]:  Func:aliasr_get_config, Line:100, AppKey = 
2019-03-22 14:11:13:028 [TRACE_INFO]:  Func:aliasr_get_config, Line:101, AccessKeyID = 
2019-03-22 14:11:13:028 [TRACE_INFO]:  Func:aliasr_get_config, Line:102, AccessKeySecret = 
2019-03-22 14:11:43:047 [TRACE_INFO]:  Func:aliasr_get_config, Line:100, AppKey = 
2019-03-22 14:11:43:049 [TRACE_INFO]:  Func:aliasr_get_config, Line:101, AccessKeyID = 
2019-03-22 14:11:43:049 [TRACE_INFO]:  Func:aliasr_get_config, Line:102, AccessKeySecret = 
2019-03-22 14:14:10:340 [TRACE_INFO]:  Func:aliasr_get_config, Line:100, AppKey = 
2019-03-22 14:14:10:341 [TRACE_INFO]:  Func:aliasr_get_config, Line:101, AccessKeyID = 
2019-03-22 14:14:10:342 [TRACE_INFO]:  Func:aliasr_get_config, Line:102, AccessKeySecret = 
2019-03-22 14:17:02:264 [TRACE_INFO]:  Func:aliasr_get_config, Line:100, AppKey =  jaKnIyQ2f69ZXxqI
2019-03-22 14:17:02:265 [TRACE_INFO]:  Func:aliasr_get_config, Line:101, AccessKeyID =  LTAIu7a3tu8FVWLh
2019-03-22 14:17:02:265 [TRACE_INFO]:  Func:aliasr_get_config, Line:102, AccessKeySecret =  yS4n8Tt2mRNdPHk4N4FsK3uL0Qq0hT
2019-03-22 14:17:42:978 [TRACE_INFO]:  Func:aliasr_get_config, Line:100, AppKey =  jaKnIyQ2f69ZXxqI
2019-03-22 14:17:42:979 [TRACE_INFO]:  Func:aliasr_get_config, Line:101, AccessKeyID =  LTAIu7a3tu8FVWLh
2019-03-22 14:17:42:979 [TRACE_INFO]:  Func:aliasr_get_config, Line:102, AccessKeySecret =  yS4n8Tt2mRNdPHk4N4FsK3uL0Qq0hT
2019-03-22 14:17:42:979 [TRACE_DEBUG]:  Func:ALIASR, Line:61, enter ALIASR::ALIASR()
2019-03-22 14:17:42:980 [TRACE_DEBUG]:  Func:generateToken, Line:111, enter ALIASR::generateToken()
2019-03-22 14:17:43:055 [TRACE_ERROR]:  Func:generateToken, Line:123, applyNlsToken failure: Specified signature is not matched with our calculation. server string to sign is:POST
application/json
1B2M2Y8AsgTpgAmY7PhCfg==
application/octet-stream;charset=utf-8
Fri, 22 Mar 2019 06:17:42 GMT
x-acs-signature-method:HMAC-SHA1
x-acs-signature-version:1.0
x-acs-version:2018-05-18
/pop/2018-05-18/tokens
2019-03-22 14:17:43:059 [TRACE_INFO]:  Func:testesl, Line:93, Connect Success, 0
2019-03-22 14:20:26:571 [TRACE_INFO]:  Func:aliasr_get_config, Line:106, AppKey = jaKnIyQ2f69ZXxqI
2019-03-22 14:20:26:573 [TRACE_INFO]:  Func:aliasr_get_config, Line:107, AccessKeyID = LTAIu7a3tu8FVWLh
2019-03-22 14:20:26:573 [TRACE_INFO]:  Func:aliasr_get_config, Line:108, AccessKeySecret = yS4n8Tt2mRNdPHk4N4FsK3uL0Qq0hT
2019-03-22 14:20:26:573 [TRACE_DEBUG]:  Func:ALIASR, Line:61, enter ALIASR::ALIASR()
2019-03-22 14:20:26:573 [TRACE_DEBUG]:  Func:generateToken, Line:117, enter ALIASR::generateToken()
2019-03-22 14:20:26:692 [TRACE_INFO]:  Func:testesl, Line:93, Connect Success, 0
2019-03-22 14:20:26:692 [TRACE_DEBUG]:  Func:ali_asr_thread, Line:164, enter ali_asr_thread
2019-03-22 14:21:44:542 [TRACE_INFO]:  Func:aliasr_get_config, Line:106, AppKey = jaKnIyQ2f69ZXxqI
2019-03-22 14:21:44:544 [TRACE_INFO]:  Func:aliasr_get_config, Line:107, AccessKeyID = LTAIu7a3tu8FVWLh
2019-03-22 14:21:44:544 [TRACE_INFO]:  Func:aliasr_get_config, Line:108, AccessKeySecret = yS4n8Tt2mRNdPHk4N4FsK3uL0Qq0hT
2019-03-22 14:21:44:544 [TRACE_DEBUG]:  Func:ALIASR, Line:61, enter ALIASR::ALIASR()
2019-03-22 14:21:44:544 [TRACE_DEBUG]:  Func:generateToken, Line:117, enter ALIASR::generateToken()
2019-03-22 14:21:44:722 [TRACE_INFO]:  Func:testesl, Line:93, Connect Success, 0
2019-03-22 14:21:44:723 [TRACE_DEBUG]:  Func:ali_asr_thread, Line:165, enter ali_asr_thread
2019-03-22 14:26:52:007 [TRACE_INFO]:  Func:aliasr_get_config, Line:106, AppKey = jaKnIyQ2f69ZXxqI
2019-03-22 14:26:52:009 [TRACE_INFO]:  Func:aliasr_get_config, Line:107, AccessKeyID = LTAIu7a3tu8FVWLh
2019-03-22 14:26:52:009 [TRACE_INFO]:  Func:aliasr_get_config, Line:108, AccessKeySecret = yS4n8Tt2mRNdPHk4N4FsK3uL0Qq0hT
2019-03-22 14:26:52:009 [TRACE_DEBUG]:  Func:ALIASR, Line:61, enter ALIASR::ALIASR()
2019-03-22 14:26:52:009 [TRACE_DEBUG]:  Func:generateToken, Line:117, enter ALIASR::generateToken()
2019-03-22 14:26:52:130 [TRACE_INFO]:  Func:testesl, Line:93, Connect Success, 0
2019-03-22 14:26:52:130 [TRACE_DEBUG]:  Func:ali_asr_thread, Line:163, enter ali_asr_thread
2019-03-22 14:31:46:056 [TRACE_INFO]:  Func:aliasr_get_config, Line:115, AppKey = jaKnIyQ2f69ZXxqI
2019-03-22 14:31:46:057 [TRACE_INFO]:  Func:aliasr_get_config, Line:116, AccessKeyID = LTAIu7a3tu8FVWLh
2019-03-22 14:31:46:057 [TRACE_INFO]:  Func:aliasr_get_config, Line:117, AccessKeySecret = yS4n8Tt2mRNdPHk4N4FsK3uL0Qq0hT
2019-03-22 14:31:46:058 [TRACE_DEBUG]:  Func:ALIASR, Line:66, enter ALIASR::ALIASR()
2019-03-22 14:31:46:058 [TRACE_DEBUG]:  Func:generateToken, Line:126, enter ALIASR::generateToken()
2019-03-22 14:31:46:158 [TRACE_INFO]:  Func:testesl, Line:93, Connect Success, 0
2019-03-22 14:31:46:159 [TRACE_DEBUG]:  Func:ali_asr_thread, Line:171, enter ali_asr_thread
2019-03-22 14:31:58:173 [TRACE_INFO]:  Func:aliasr_get_config, Line:115, AppKey = jaKnIyQ2f69ZXxqI
2019-03-22 14:31:58:176 [TRACE_INFO]:  Func:aliasr_get_config, Line:116, AccessKeyID = LTAIu7a3tu8FVWLh
2019-03-22 14:31:58:176 [TRACE_INFO]:  Func:aliasr_get_config, Line:117, AccessKeySecret = yS4n8Tt2mRNdPHk4N4FsK3uL0Qq0hT
2019-03-22 14:31:58:176 [TRACE_DEBUG]:  Func:ALIASR, Line:66, enter ALIASR::ALIASR()
2019-03-22 14:31:58:177 [TRACE_DEBUG]:  Func:generateToken, Line:126, enter ALIASR::generateToken()
2019-03-22 14:31:58:501 [TRACE_DEBUG]:  Func:ali_asr_thread, Line:171, enter ali_asr_thread
2019-03-22 14:32:48:215 [TRACE_INFO]:  Func:aliasr_get_config, Line:115, AppKey = jaKnIyQ2f69ZXxqI
2019-03-22 14:32:48:219 [TRACE_INFO]:  Func:aliasr_get_config, Line:116, AccessKeyID = LTAIu7a3tu8FVWLh
2019-03-22 14:32:48:220 [TRACE_INFO]:  Func:aliasr_get_config, Line:117, AccessKeySecret = yS4n8Tt2mRNdPHk4N4FsK3uL0Qq0hT
2019-03-22 14:32:48:220 [TRACE_DEBUG]:  Func:ALIASR, Line:66, enter ALIASR::ALIASR()
2019-03-22 14:32:48:220 [TRACE_DEBUG]:  Func:generateToken, Line:126, enter ALIASR::generateToken()
2019-03-22 14:32:48:345 [TRACE_DEBUG]:  Func:ali_asr_thread, Line:171, enter ali_asr_thread
2019-03-22 14:34:06:971 [TRACE_INFO]:  Func:aliasr_get_config, Line:115, AppKey = jaKnIyQ2f69ZXxqI
2019-03-22 14:34:06:973 [TRACE_INFO]:  Func:aliasr_get_config, Line:116, AccessKeyID = LTAIu7a3tu8FVWLh
2019-03-22 14:34:06:973 [TRACE_INFO]:  Func:aliasr_get_config, Line:117, AccessKeySecret = yS4n8Tt2mRNdPHk4N4FsK3uL0Qq0hT
2019-03-22 14:34:06:973 [TRACE_DEBUG]:  Func:ALIASR, Line:66, enter ALIASR::ALIASR()
2019-03-22 14:34:06:973 [TRACE_DEBUG]:  Func:generateToken, Line:126, enter ALIASR::generateToken()
2019-03-22 14:34:07:082 [TRACE_INFO]:  Func:testesl, Line:93, Connect Success, 0
2019-03-22 14:34:07:082 [TRACE_DEBUG]:  Func:ali_asr_thread, Line:171, enter ali_asr_thread
2019-03-22 14:34:42:460 [TRACE_INFO]:  Func:aliasr_get_config, Line:116, AppKey = jaKnIyQ2f69ZXxqI
2019-03-22 14:34:42:462 [TRACE_INFO]:  Func:aliasr_get_config, Line:117, AccessKeyID = LTAIu7a3tu8FVWLh
2019-03-22 14:34:42:462 [TRACE_INFO]:  Func:aliasr_get_config, Line:118, AccessKeySecret = yS4n8Tt2mRNdPHk4N4FsK3uL0Qq0hT
2019-03-22 14:34:42:462 [TRACE_DEBUG]:  Func:ALIASR, Line:66, enter ALIASR::ALIASR()
2019-03-22 14:34:42:462 [TRACE_DEBUG]:  Func:generateToken, Line:127, enter ALIASR::generateToken()
2019-03-22 14:34:42:540 [TRACE_INFO]:  Func:testesl, Line:93, Connect Success, 0
2019-03-22 14:34:42:540 [TRACE_DEBUG]:  Func:ali_asr_thread, Line:172, enter ali_asr_thread
2019-03-22 14:36:19:369 [TRACE_INFO]:  Func:aliasr_get_config, Line:116, AppKey = jaKnIyQ2f69ZXxqI
2019-03-22 14:36:19:371 [TRACE_INFO]:  Func:aliasr_get_config, Line:117, AccessKeyID = LTAIu7a3tu8FVWLh
2019-03-22 14:36:19:371 [TRACE_INFO]:  Func:aliasr_get_config, Line:118, AccessKeySecret = yS4n8Tt2mRNdPHk4N4FsK3uL0Qq0hT
2019-03-22 14:36:19:372 [TRACE_DEBUG]:  Func:ALIASR, Line:66, enter ALIASR::ALIASR()
2019-03-22 14:36:19:372 [TRACE_DEBUG]:  Func:generateToken, Line:127, enter ALIASR::generateToken()
2019-03-22 14:36:19:457 [TRACE_INFO]:  Func:testesl, Line:93, Connect Success, 0
2019-03-22 14:36:19:457 [TRACE_DEBUG]:  Func:ali_asr_thread, Line:172, enter ali_asr_thread
2019-03-22 14:36:22:358 [TRACE_INFO]:  Func:aliasr_get_config, Line:116, AppKey = jaKnIyQ2f69ZXxqI
2019-03-22 14:36:22:360 [TRACE_INFO]:  Func:aliasr_get_config, Line:117, AccessKeyID = LTAIu7a3tu8FVWLh
2019-03-22 14:36:22:360 [TRACE_INFO]:  Func:aliasr_get_config, Line:118, AccessKeySecret = yS4n8Tt2mRNdPHk4N4FsK3uL0Qq0hT
2019-03-22 14:36:22:360 [TRACE_DEBUG]:  Func:ALIASR, Line:66, enter ALIASR::ALIASR()
2019-03-22 14:36:22:360 [TRACE_DEBUG]:  Func:generateToken, Line:127, enter ALIASR::generateToken()
2019-03-22 14:36:22:422 [TRACE_INFO]:  Func:testesl, Line:93, Connect Success, 0
2019-03-22 14:36:22:423 [TRACE_DEBUG]:  Func:ali_asr_thread, Line:172, enter ali_asr_thread
2019-03-22 14:37:43:250 [TRACE_INFO]:  Func:aliasr_get_config, Line:116, AppKey = jaKnIyQ2f69ZXxqI
2019-03-22 14:37:43:252 [TRACE_INFO]:  Func:aliasr_get_config, Line:117, AccessKeyID = LTAIu7a3tu8FVWLh
2019-03-22 14:37:43:252 [TRACE_INFO]:  Func:aliasr_get_config, Line:118, AccessKeySecret = yS4n8Tt2mRNdPHk4N4FsK3uL0Qq0hT
2019-03-22 14:37:43:252 [TRACE_DEBUG]:  Func:ALIASR, Line:66, enter ALIASR::ALIASR()
2019-03-22 14:37:43:253 [TRACE_DEBUG]:  Func:generateToken, Line:127, enter ALIASR::generateToken()
2019-03-22 14:37:43:351 [TRACE_INFO]:  Func:testesl, Line:93, Connect Success, 0
2019-03-22 14:37:43:352 [TRACE_DEBUG]:  Func:ali_asr_thread, Line:172, enter ali_asr_thread
2019-03-22 14:37:53:179 [TRACE_INFO]:  Func:aliasr_get_config, Line:116, AppKey = jaKnIyQ2f69ZXxqI
2019-03-22 14:37:53:181 [TRACE_INFO]:  Func:aliasr_get_config, Line:117, AccessKeyID = LTAIu7a3tu8FVWLh
2019-03-22 14:37:53:181 [TRACE_INFO]:  Func:aliasr_get_config, Line:118, AccessKeySecret = yS4n8Tt2mRNdPHk4N4FsK3uL0Qq0hT
2019-03-22 14:37:53:181 [TRACE_DEBUG]:  Func:ALIASR, Line:66, enter ALIASR::ALIASR()
2019-03-22 14:37:53:181 [TRACE_DEBUG]:  Func:generateToken, Line:127, enter ALIASR::generateToken()
2019-03-22 14:37:53:266 [TRACE_INFO]:  Func:testesl, Line:93, Connect Success, 0
2019-03-22 14:37:53:267 [TRACE_DEBUG]:  Func:ali_asr_thread, Line:172, enter ali_asr_thread
2019-03-22 14:40:25:634 [TRACE_INFO]:  Func:aliasr_get_config, Line:116, AppKey = jaKnIyQ2f69ZXxqI
2019-03-22 14:40:25:636 [TRACE_INFO]:  Func:aliasr_get_config, Line:117, AccessKeyID = LTAIu7a3tu8FVWLh
2019-03-22 14:40:25:636 [TRACE_INFO]:  Func:aliasr_get_config, Line:118, AccessKeySecret = yS4n8Tt2mRNdPHk4N4FsK3uL0Qq0hT
2019-03-22 14:40:25:636 [TRACE_DEBUG]:  Func:ALIASR, Line:66, enter ALIASR::ALIASR()
2019-03-22 14:40:25:636 [TRACE_DEBUG]:  Func:generateToken, Line:127, enter ALIASR::generateToken()
2019-03-22 14:40:25:720 [TRACE_INFO]:  Func:testesl, Line:93, Connect Success, 0
2019-03-22 14:40:25:720 [TRACE_DEBUG]:  Func:ali_asr_thread, Line:172, enter ali_asr_thread
2019-03-22 14:40:51:770 [TRACE_INFO]:  Func:aliasr_get_config, Line:116, AppKey = jaKnIyQ2f69ZXxqI
2019-03-22 14:40:51:772 [TRACE_INFO]:  Func:aliasr_get_config, Line:117, AccessKeyID = LTAIu7a3tu8FVWLh
2019-03-22 14:40:51:772 [TRACE_INFO]:  Func:aliasr_get_config, Line:118, AccessKeySecret = yS4n8Tt2mRNdPHk4N4FsK3uL0Qq0hT
2019-03-22 14:40:51:772 [TRACE_DEBUG]:  Func:ALIASR, Line:66, enter ALIASR::ALIASR()
2019-03-22 14:40:51:773 [TRACE_DEBUG]:  Func:generateToken, Line:127, enter ALIASR::generateToken()
2019-03-22 14:40:51:904 [TRACE_INFO]:  Func:testesl, Line:93, Connect Success, 0
2019-03-22 14:40:51:905 [TRACE_DEBUG]:  Func:ali_asr_thread, Line:172, enter ali_asr_thread
2019-03-22 14:43:05:791 [TRACE_INFO]:  Func:aliasr_get_config, Line:116, AppKey =  jaKnIyQ2f69ZXxqI
2019-03-22 14:43:05:793 [TRACE_INFO]:  Func:aliasr_get_config, Line:117, AccessKeyID =  LTAIu7a3tu8FVWLh
2019-03-22 14:43:05:793 [TRACE_INFO]:  Func:aliasr_get_config, Line:118, AccessKeySecret =  yS4n8Tt2mRNdPHk4N4FsK3uL0Qq0hT
2019-03-22 14:43:05:794 [TRACE_DEBUG]:  Func:ALIASR, Line:66, enter ALIASR::ALIASR()
2019-03-22 14:43:05:794 [TRACE_DEBUG]:  Func:generateToken, Line:127, enter ALIASR::generateToken()
2019-03-22 14:43:05:880 [TRACE_ERROR]:  Func:generateToken, Line:139, applyNlsToken failure: Specified signature is not matched with our calculation. server string to sign is:POST
application/json
1B2M2Y8AsgTpgAmY7PhCfg==
application/octet-stream;charset=utf-8
Fri, 22 Mar 2019 06:43:05 GMT
x-acs-signature-method:HMAC-SHA1
x-acs-signature-version:1.0
x-acs-version:2018-05-18
/pop/2018-05-18/tokens
2019-03-22 14:43:05:886 [TRACE_INFO]:  Func:testesl, Line:93, Connect Success, 0
2019-03-22 14:48:01:849 [TRACE_INFO]:  Func:aliasr_get_config, Line:116, AppKey = jaKnIyQ2f69ZXxqI
2019-03-22 14:48:01:851 [TRACE_INFO]:  Func:aliasr_get_config, Line:117, AccessKeyID = LTAIu7a3tu8FVWLh
2019-03-22 14:48:01:851 [TRACE_INFO]:  Func:aliasr_get_config, Line:118, AccessKeySecret = yS4n8Tt2mRNdPHk4N4FsK3uL0Qq0hT
2019-03-22 14:48:01:851 [TRACE_DEBUG]:  Func:ALIASR, Line:66, enter ALIASR::ALIASR()
2019-03-22 14:48:01:851 [TRACE_DEBUG]:  Func:generateToken, Line:127, enter ALIASR::generateToken()
2019-03-22 14:48:01:954 [TRACE_INFO]:  Func:testesl, Line:93, Connect Success, 0
2019-03-22 14:48:01:954 [TRACE_DEBUG]:  Func:ali_asr_thread, Line:172, enter ali_asr_thread
2019-03-22 14:49:55:310 [TRACE_INFO]:  Func:aliasr_get_config, Line:116, AppKey = jaKnIyQ2f69ZXxqI
2019-03-22 14:49:55:311 [TRACE_INFO]:  Func:aliasr_get_config, Line:117, AccessKeyID = LTAIu7a3tu8FVWLh
2019-03-22 14:49:55:312 [TRACE_INFO]:  Func:aliasr_get_config, Line:118, AccessKeySecret = yS4n8Tt2mRNdPHk4N4FsK3uL0Qq0hT
2019-03-22 14:49:55:312 [TRACE_DEBUG]:  Func:ALIASR, Line:66, enter ALIASR::ALIASR()
2019-03-22 14:49:55:312 [TRACE_DEBUG]:  Func:generateToken, Line:127, enter ALIASR::generateToken()
2019-03-22 14:49:55:384 [TRACE_INFO]:  Func:testesl, Line:93, Connect Success, 0
2019-03-22 14:49:55:385 [TRACE_DEBUG]:  Func:ali_asr_thread, Line:172, enter ali_asr_thread
2019-03-22 14:51:38:703 [TRACE_INFO]:  Func:aliasr_get_config, Line:116, AppKey = jaKnIyQ2f69ZXxqI
2019-03-22 14:51:38:704 [TRACE_INFO]:  Func:aliasr_get_config, Line:117, AccessKeyID = LTAIu7a3tu8FVWLh
2019-03-22 14:51:38:704 [TRACE_INFO]:  Func:aliasr_get_config, Line:118, AccessKeySecret = yS4n8Tt2mRNdPHk4N4FsK3uL0Qq0hT
2019-03-22 14:51:38:704 [TRACE_DEBUG]:  Func:ALIASR, Line:66, enter ALIASR::ALIASR()
2019-03-22 14:51:38:704 [TRACE_DEBUG]:  Func:generateToken, Line:127, enter ALIASR::generateToken()
2019-03-22 14:51:38:779 [TRACE_INFO]:  Func:testesl, Line:93, Connect Success, 0
2019-03-22 14:51:38:780 [TRACE_DEBUG]:  Func:ali_asr_thread, Line:172, enter ali_asr_thread
2019-03-22 14:54:02:469 [TRACE_INFO]:  Func:aliasr_get_config, Line:120, AppKey = jaKnIyQ2f69ZXxqI
2019-03-22 14:54:02:470 [TRACE_INFO]:  Func:aliasr_get_config, Line:121, AccessKeyID = LTAIu7a3tu8FVWLh
2019-03-22 14:54:02:470 [TRACE_INFO]:  Func:aliasr_get_config, Line:122, AccessKeySecret = yS4n8Tt2mRNdPHk4N4FsK3uL0Qq0hT
2019-03-22 14:54:02:470 [TRACE_DEBUG]:  Func:ALIASR, Line:67, enter ALIASR::ALIASR()
2019-03-22 14:54:02:470 [TRACE_DEBUG]:  Func:generateToken, Line:131, enter ALIASR::generateToken()
2019-03-22 14:54:02:578 [TRACE_INFO]:  Func:testesl, Line:93, Connect Success, 0
2019-03-22 14:54:02:578 [TRACE_DEBUG]:  Func:ali_asr_thread, Line:176, enter ali_asr_thread
2019-03-22 14:54:44:085 [TRACE_INFO]:  Func:aliasr_get_config, Line:120, AppKey = jaKnIyQ2f69ZXxqI
2019-03-22 14:54:44:087 [TRACE_INFO]:  Func:aliasr_get_config, Line:121, AccessKeyID = LTAIu7a3tu8FVWLh
2019-03-22 14:54:44:088 [TRACE_INFO]:  Func:aliasr_get_config, Line:122, AccessKeySecret = yS4n8Tt2mRNdPHk4N4FsK3uL0Qq0hT
2019-03-22 14:54:44:088 [TRACE_DEBUG]:  Func:ALIASR, Line:67, enter ALIASR::ALIASR()
2019-03-22 14:54:44:088 [TRACE_DEBUG]:  Func:generateToken, Line:131, enter ALIASR::generateToken()
2019-03-22 14:54:44:184 [TRACE_INFO]:  Func:testesl, Line:93, Connect Success, 0
2019-03-22 14:54:44:185 [TRACE_DEBUG]:  Func:ali_asr_thread, Line:176, enter ali_asr_thread
2019-03-22 14:54:47:359 [TRACE_INFO]:  Func:aliasr_get_config, Line:120, AppKey = jaKnIyQ2f69ZXxqI
2019-03-22 14:54:47:360 [TRACE_INFO]:  Func:aliasr_get_config, Line:121, AccessKeyID = LTAIu7a3tu8FVWLh
2019-03-22 14:54:47:361 [TRACE_INFO]:  Func:aliasr_get_config, Line:122, AccessKeySecret = yS4n8Tt2mRNdPHk4N4FsK3uL0Qq0hT
2019-03-22 14:54:47:361 [TRACE_DEBUG]:  Func:ALIASR, Line:67, enter ALIASR::ALIASR()
2019-03-22 14:54:47:361 [TRACE_DEBUG]:  Func:generateToken, Line:131, enter ALIASR::generateToken()
2019-03-22 14:54:47:460 [TRACE_INFO]:  Func:testesl, Line:93, Connect Success, 0
2019-03-22 14:54:47:461 [TRACE_DEBUG]:  Func:ali_asr_thread, Line:176, enter ali_asr_thread
2019-03-22 14:58:45:673 [TRACE_INFO]:  Func:aliasr_get_config, Line:118, AppKey = jaKnIyQ2f69ZXxqI
2019-03-22 14:58:45:674 [TRACE_INFO]:  Func:aliasr_get_config, Line:119, AccessKeyID = LTAIu7a3tu8FVWLh
2019-03-22 14:58:45:674 [TRACE_INFO]:  Func:aliasr_get_config, Line:120, AccessKeySecret = yS4n8Tt2mRNdPHk4N4FsK3uL0Qq0hT
2019-03-22 14:58:45:674 [TRACE_DEBUG]:  Func:ALIASR, Line:64, enter ALIASR::ALIASR()
2019-03-22 14:58:45:674 [TRACE_DEBUG]:  Func:generateToken, Line:129, enter ALIASR::generateToken()
2019-03-22 14:58:45:747 [TRACE_DEBUG]:  Func:ali_asr_thread, Line:174, enter ali_asr_thread
2019-03-22 14:58:45:750 [TRACE_INFO]:  Func:testesl, Line:93, Connect Success, 0
