2019-03-22 11:02:15:742 [TRACE_INFO]:  Func:aliasr_get_config, Line:98, AppKey =  jaKnIyQ2f69ZXxqI
2019-03-22 11:02:15:744 [TRACE_INFO]:  Func:aliasr_get_config, Line:99, AccessKeyID =  LTAIu7a3tu8FVWLh
2019-03-22 11:02:15:744 [TRACE_INFO]:  Func:aliasr_get_config, Line:100, AccessKeySecret =  yS4n8Tt2mRNdPHk4N4FsK3uL0Qq0hT
2019-03-22 11:02:15:744 [TRACE_DEBUG]:  Func:generateToken, Line:109, enter ALIASR::generateToken()
2019-03-22 11:02:15:789 [TRACE_ERROR]:  Func:generateToken, Line:117, applyNlsToken failure: Specified signature is not matched with our calculation. server string to sign is:POST
application/json
1B2M2Y8AsgTpgAmY7PhCfg==
application/octet-stream;charset=utf-8
Fri, 22 Mar 2019 03:02:15 GMT
x-acs-signature-method:HMAC-SHA1
x-acs-signature-version:1.0
x-acs-version:2018-05-18
/pop/2018-05-18/tokens
2019-03-22 11:02:15:793 [TRACE_INFO]:  Func:testesl, Line:93, Connect Success, 0
2019-03-22 11:33:03:200 [TRACE_INFO]:  Func:aliasr_get_config, Line:98, AppKey =  jaKnIyQ2f69ZXxqI
2019-03-22 11:33:03:201 [TRACE_INFO]:  Func:aliasr_get_config, Line:99, AccessKeyID =  LTAIu7a3tu8FVWLh
2019-03-22 11:33:03:201 [TRACE_INFO]:  Func:aliasr_get_config, Line:100, AccessKeySecret =  yS4n8Tt2mRNdPHk4N4FsK3uL0Qq0hT
2019-03-22 11:33:03:202 [TRACE_DEBUG]:  Func:ALIASR, Line:59, enter ALIASR::ALIASR()
2019-03-22 11:33:03:202 [TRACE_DEBUG]:  Func:generateToken, Line:109, enter ALIASR::generateToken()
2019-03-22 11:33:03:288 [TRACE_ERROR]:  Func:generateToken, Line:117, applyNlsToken failure: Specified signature is not matched with our calculation. server string to sign is:POST
application/json
1B2M2Y8AsgTpgAmY7PhCfg==
application/octet-stream;charset=utf-8
Fri, 22 Mar 2019 03:33:03 GMT
x-acs-signature-method:HMAC-SHA1
x-acs-signature-version:1.0
x-acs-version:2018-05-18
/pop/2018-05-18/tokens
2019-03-22 11:33:03:292 [TRACE_INFO]:  Func:testesl, Line:93, Connect Success, 0
